<?xml version="1.0" encoding="UTF-8"?>
<!-- Generated by org.testng.reporters.JUnitXMLReporter -->
<testsuite ignored="2" hostname="DESKTOP-8HD2FDV" failures="0" tests="2" name="GRP-bvt" time="0.038" errors="0" timestamp="2022-04-11T10:53:29 COT">
  <testcase classname="ui.GroupsDemoTest" name="aTest3" time="0.006"/>
  <testcase classname="ui.GroupsDemoTest" name="aTest4" time="0.001"/>
  <testcase classname="ui.GroupsDemoTest" name="aTest2" time="0.0">
    <ignored/>
  </testcase> <!-- aTest2 -->
  <testcase classname="ui.GroupsDemoTest" name="aTest1" time="0.0">
    <ignored/>
  </testcase> <!-- aTest1 -->
</testsuite> <!-- GRP-bvt -->
