<?xml version="1.0" encoding="UTF-8"?>
<!-- Generated by org.testng.reporters.JUnitXMLReporter -->
<testsuite ignored="0" hostname="DESKTOP-8HD2FDV" failures="0" tests="4" name="Default test" time="0.042" errors="0" timestamp="2022-04-11T14:56:58 COT">
  <testcase classname="ui.DataProviderDemoTest" name="test" time="0.005"/>
  <testcase classname="ui.DataProviderDemoTest" name="test" time="0.0"/>
  <testcase classname="ui.DataProviderDemoTest" name="test" time="0.001"/>
  <testcase classname="ui.DataProviderDemoTest" name="test" time="0.0"/>
</testsuite> <!-- Default test -->
