<?xml version="1.0" encoding="UTF-8"?>
<!-- Generated by org.testng.reporters.JUnitXMLReporter -->
<testsuite ignored="0" hostname="DESKTOP-8HD2FDV" failures="0" tests="4" name="Default test" time="0.043" errors="0" timestamp="2022-04-12T09:35:24 COT">
  <testcase classname="ui.ReportTest" name="reportTest1" time="0.006"/>
  <testcase classname="ui.ReportTest" name="reportTest2" time="0.001"/>
  <testcase classname="ui.ReportTest" name="reportTest3" time="0.001"/>
  <testcase classname="ui.ReportTest" name="reportTest4" time="0.001"/>
</testsuite> <!-- Default test -->
