<?xml version="1.0" encoding="UTF-8"?>
<!-- Generated by org.testng.reporters.JUnitXMLReporter -->
<testsuite ignored="0" hostname="DESKTOP-8HD2FDV" failures="0" tests="4" name="Test" time="0.04" errors="0" timestamp="2022-04-11T16:47:23 COT">
  <testcase classname="ui.GroupsDemoTest" name="aTest1" time="0.006"/>
  <testcase classname="ui.GroupsDemoTest" name="aTest2" time="0.001"/>
  <testcase classname="ui.GroupsDemoTest" name="aTest3" time="0.0"/>
  <testcase classname="ui.GroupsDemoTest" name="aTest4" time="0.001"/>
</testsuite> <!-- Test -->
