<?xml version="1.0" encoding="UTF-8"?>
<!-- Generated by org.testng.reporters.JUnitXMLReporter -->
<testsuite ignored="0" hostname="DESKTOP-8HD2FDV" failures="2" tests="8" name="Functional Testing" time="5.952" errors="0" timestamp="2022-04-11T11:12:06 COT">
  <testcase classname="ui.VerifyTitleAndText" name="titleTest" time="3.373">
    <failure type="java.lang.AssertionError" message="The following asserts failed:
	Title verification failed expected [Artículos electrónicos, arr autos, ropa, objetos de colección, cupones y más | eBay] but found [Artículos electrónicos, autos, ropa, objetos de colección, cupones y más | eBay]">
      <![CDATA[java.lang.AssertionError: The following asserts failed:
Title verification failed expected [Artículos electrónicos, arr autos, ropa, objetos de colección, cupones y más | eBay] but found [Artículos electrónicos, autos, ropa, objetos de colección, cupones y más | eBay]
at ui.VerifyTitleAndText.titleTest(VerifyTitleAndText.java:33)
at java.base/java.util.ArrayList.forEach(ArrayList.java:1511)
... Removed 29 stack frames]]>
    </failure>
  </testcase> <!-- titleTest -->
  <testcase classname="ui.LoginTest" name="aTest1" time="0.001"/>
  <testcase classname="ui.LoginTest" name="aTest2" time="0.0"/>
  <testcase classname="ui.GroupsDemoTest" name="aTest1" time="0.0"/>
  <testcase classname="ui.GroupsDemoTest" name="aTest2" time="0.001"/>
  <testcase classname="ui.GroupsDemoTest" name="aTest3" time="0.001"/>
  <testcase classname="ui.GroupsDemoTest" name="aTest4" time="0.001"/>
  <testcase classname="ui.VerifyTitleTest" name="titleTest" time="2.531">
    <failure type="java.lang.AssertionError" message="The titles are not the same expected [Artículos electrónicos, asdsda autos, ropa, objetos de colección, cupones y más | eBay] but found [Artículos electrónicos, autos, ropa, objetos de colección, cupones y más | eBay]">
      <![CDATA[java.lang.AssertionError: The titles are not the same expected [Artículos electrónicos, asdsda autos, ropa, objetos de colección, cupones y más | eBay] but found [Artículos electrónicos, autos, ropa, objetos de colección, cupones y más | eBay]
at ui.VerifyTitleTest.titleTest(VerifyTitleTest.java:21)
at java.base/java.util.ArrayList.forEach(ArrayList.java:1511)
... Removed 32 stack frames]]>
    </failure>
  </testcase> <!-- titleTest -->
</testsuite> <!-- Functional Testing -->
