<?xml version="1.0" encoding="UTF-8"?>
<testng-results ignored="0" total="4" passed="4" failed="0" skipped="0">
  <reporter-output>
    <line>
      <![CDATA[Method name is -  reportTest1starting]]>
    </line>
    <line>
      <![CDATA[Status -  1]]>
    </line>
    <line>
      <![CDATA[Method name is -  reportTest2starting]]>
    </line>
    <line>
      <![CDATA[This is test2]]>
    </line>
    <line>
      <![CDATA[Status -  1]]>
    </line>
    <line>
      <![CDATA[Method name is -  reportTest3starting]]>
    </line>
    <line>
      <![CDATA[Status -  1]]>
    </line>
    <line>
      <![CDATA[Method name is -  reportTest4starting]]>
    </line>
    <line>
      <![CDATA[Status -  1]]>
    </line>
  </reporter-output>
  <suite started-at="2022-04-12T09:44:54 COT" name="Group Demo" finished-at="2022-04-12T09:44:55 COT" duration-ms="39">
    <groups>
    </groups>
    <test started-at="2022-04-12T09:44:54 COT" name="Listener Test" finished-at="2022-04-12T09:44:55 COT" duration-ms="39">
      <class name="ui.ReportTest">
        <test-method signature="reportTest1()[pri:0, instance:ui.ReportTest@7ce3cb8e]" started-at="2022-04-12T09:44:55 COT" name="reportTest1" finished-at="2022-04-12T09:44:55 COT" duration-ms="7" status="PASS">
          <reporter-output>
            <line>
              <![CDATA[Method name is -  reportTest1starting]]>
            </line>
            <line>
              <![CDATA[Status -  1]]>
            </line>
          </reporter-output>
        </test-method> <!-- reportTest1 -->
        <test-method signature="reportTest2()[pri:0, instance:ui.ReportTest@7ce3cb8e]" started-at="2022-04-12T09:44:55 COT" name="reportTest2" finished-at="2022-04-12T09:44:55 COT" duration-ms="1" status="PASS">
          <reporter-output>
            <line>
              <![CDATA[Method name is -  reportTest2starting]]>
            </line>
            <line>
              <![CDATA[This is test2]]>
            </line>
            <line>
              <![CDATA[Status -  1]]>
            </line>
          </reporter-output>
        </test-method> <!-- reportTest2 -->
        <test-method signature="reportTest3()[pri:0, instance:ui.ReportTest@7ce3cb8e]" started-at="2022-04-12T09:44:55 COT" name="reportTest3" finished-at="2022-04-12T09:44:55 COT" duration-ms="0" status="PASS">
          <reporter-output>
            <line>
              <![CDATA[Method name is -  reportTest3starting]]>
            </line>
            <line>
              <![CDATA[Status -  1]]>
            </line>
          </reporter-output>
        </test-method> <!-- reportTest3 -->
        <test-method signature="reportTest4()[pri:0, instance:ui.ReportTest@7ce3cb8e]" started-at="2022-04-12T09:44:55 COT" name="reportTest4" finished-at="2022-04-12T09:44:55 COT" duration-ms="1" status="PASS">
          <reporter-output>
            <line>
              <![CDATA[Method name is -  reportTest4starting]]>
            </line>
            <line>
              <![CDATA[Status -  1]]>
            </line>
          </reporter-output>
        </test-method> <!-- reportTest4 -->
      </class> <!-- ui.ReportTest -->
    </test> <!-- Listener Test -->
  </suite> <!-- Group Demo -->
</testng-results>
