<?xml version="1.0" encoding="UTF-8"?>
<testng-results ignored="0" total="1" passed="1" failed="0" skipped="0">
  <reporter-output>
  </reporter-output>
  <suite started-at="2022-04-07T14:35:06 COT" name="Default suite" finished-at="2022-04-07T14:35:10 COT" duration-ms="3656">
    <groups>
    </groups>
    <test started-at="2022-04-07T14:35:06 COT" name="Default test" finished-at="2022-04-07T14:35:10 COT" duration-ms="3656">
      <class name="ui.VerifyTitleTest">
        <test-method signature="titleTest()[pri:0, instance:ui.VerifyTitleTest@6ef888f6]" started-at="2022-04-07T14:35:06 COT" name="titleTest" finished-at="2022-04-07T14:35:10 COT" duration-ms="3628" status="PASS">
          <reporter-output>
          </reporter-output>
        </test-method> <!-- titleTest -->
      </class> <!-- ui.VerifyTitleTest -->
    </test> <!-- Default test -->
  </suite> <!-- Default suite -->
</testng-results>
